

Microchip Technology PIC LITE Macro Assembler V1.31 build 56723 
                                                                                               Sun May 04 20:08:22 2014

Microchip Technology Omniscient Code Generator (Lite mode) build 56723
     1                           	processor	16F877A
     2                           	opt	pw 120
     3                           	opt	lm
     4                           	psect	idataBANK0,global,class=CODE,delta=2
     5                           	psect	strings,global,class=STRING,delta=2
     6                           	psect	cinit,global,class=CODE,merge=1,delta=2
     7                           	psect	bssCOMMON,global,class=COMMON,space=1,delta=1
     8                           	psect	dataBANK0,global,class=BANK0,space=1,delta=1
     9                           	psect	inittext,global,class=CODE,delta=2
    10                           	psect	cstackCOMMON,global,class=COMMON,space=1,delta=1
    11                           	psect	cstackBANK0,global,class=BANK0,space=1,delta=1
    12                           	psect	maintext,global,class=CODE,split=1,delta=2
    13                           	psect	text1,local,class=CODE,merge=1,delta=2
    14                           	psect	text2,local,class=CODE,merge=1,delta=2
    15                           	psect	text3,local,class=CODE,merge=1,delta=2
    16                           	psect	text4,local,class=CODE,merge=1,delta=2
    17                           	psect	text5,local,class=CODE,merge=1,delta=2
    18                           	psect	text6,local,class=CODE,merge=1,delta=2
    19                           	psect	text7,local,class=CODE,merge=1,delta=2
    20                           	dabs	1,0x7E,2
    21  0000                     	;# 
    22  0001                     	;# 
    23  0002                     	;# 
    24  0003                     	;# 
    25  0004                     	;# 
    26  0005                     	;# 
    27  0006                     	;# 
    28  0007                     	;# 
    29  0008                     	;# 
    30  0009                     	;# 
    31  000A                     	;# 
    32  000B                     	;# 
    33  000C                     	;# 
    34  000D                     	;# 
    35  000E                     	;# 
    36  000E                     	;# 
    37  000F                     	;# 
    38  0010                     	;# 
    39  0011                     	;# 
    40  0012                     	;# 
    41  0013                     	;# 
    42  0014                     	;# 
    43  0015                     	;# 
    44  0015                     	;# 
    45  0016                     	;# 
    46  0017                     	;# 
    47  0018                     	;# 
    48  0019                     	;# 
    49  001A                     	;# 
    50  001B                     	;# 
    51  001B                     	;# 
    52  001C                     	;# 
    53  001D                     	;# 
    54  001E                     	;# 
    55  001F                     	;# 
    56  0081                     	;# 
    57  0085                     	;# 
    58  0086                     	;# 
    59  0087                     	;# 
    60  0088                     	;# 
    61  0089                     	;# 
    62  008C                     	;# 
    63  008D                     	;# 
    64  008E                     	;# 
    65  0091                     	;# 
    66  0092                     	;# 
    67  0093                     	;# 
    68  0094                     	;# 
    69  0098                     	;# 
    70  0099                     	;# 
    71  009C                     	;# 
    72  009D                     	;# 
    73  009E                     	;# 
    74  009F                     	;# 
    75  010C                     	;# 
    76  010D                     	;# 
    77  010E                     	;# 
    78  010F                     	;# 
    79  018C                     	;# 
    80  018D                     	;# 
    81  0000                     	;# 
    82  0001                     	;# 
    83  0002                     	;# 
    84  0003                     	;# 
    85  0004                     	;# 
    86  0005                     	;# 
    87  0006                     	;# 
    88  0007                     	;# 
    89  0008                     	;# 
    90  0009                     	;# 
    91  000A                     	;# 
    92  000B                     	;# 
    93  000C                     	;# 
    94  000D                     	;# 
    95  000E                     	;# 
    96  000E                     	;# 
    97  000F                     	;# 
    98  0010                     	;# 
    99  0011                     	;# 
   100  0012                     	;# 
   101  0013                     	;# 
   102  0014                     	;# 
   103  0015                     	;# 
   104  0015                     	;# 
   105  0016                     	;# 
   106  0017                     	;# 
   107  0018                     	;# 
   108  0019                     	;# 
   109  001A                     	;# 
   110  001B                     	;# 
   111  001B                     	;# 
   112  001C                     	;# 
   113  001D                     	;# 
   114  001E                     	;# 
   115  001F                     	;# 
   116  0081                     	;# 
   117  0085                     	;# 
   118  0086                     	;# 
   119  0087                     	;# 
   120  0088                     	;# 
   121  0089                     	;# 
   122  008C                     	;# 
   123  008D                     	;# 
   124  008E                     	;# 
   125  0091                     	;# 
   126  0092                     	;# 
   127  0093                     	;# 
   128  0094                     	;# 
   129  0098                     	;# 
   130  0099                     	;# 
   131  009C                     	;# 
   132  009D                     	;# 
   133  009E                     	;# 
   134  009F                     	;# 
   135  010C                     	;# 
   136  010D                     	;# 
   137  010E                     	;# 
   138  010F                     	;# 
   139  018C                     	;# 
   140  018D                     	;# 
   141                           
   142                           	psect	idataBANK0
   143  06B6                     __pidataBANK0:	
   144                           
   145                           ;initializer for _kalp
   146  06B6  3400               	retlw	0
   147  06B7  340A               	retlw	10
   148  06B8  3415               	retlw	21
   149  06B9  3411               	retlw	17
   150  06BA  340A               	retlw	10
   151  06BB  3404               	retlw	4
   152  06BC  3400               	retlw	0
   153  06BD  3400               	retlw	0
   154  0005                     _PORTAbits	set	5
   155  0008                     _PORTD	set	8
   156  009F                     _ADCON1	set	159
   157  0085                     _TRISAbits	set	133
   158  0088                     _TRISD	set	136
   159                           
   160                           	psect	strings
   161  0003                     __pstrings:	
   162  0003                     stringtab:	
   163  0003                     __stringtab:	
   164  0003                     stringcode:	
   165                           ;	String table - string pointers are 1 byte each
   166                           
   167  0003                     stringdir:	
   168  0003  3000               	movlw	high stringdir
   169  0004  008A               	movwf	10
   170  0005  0804               	movf	4,w
   171  0006  0A84               	incf	4,f
   172  0007  0782               	addwf	2,f
   173  0008                     __stringbase:	
   174  0008  3400               	retlw	0
   175  0009                     __end_of__stringtab:	
   176  0009                     __stringdata:	
   177  0009                     STR_1:	
   178  0009  3453               	retlw	83	;'S'
   179  000A  3465               	retlw	101	;'e'
   180  000B  346C               	retlw	108	;'l'
   181  000C  3461               	retlw	97	;'a'
   182  000D  346D               	retlw	109	;'m'
   183  000E  3420               	retlw	32	;' '
   184  000F  3444               	retlw	68	;'D'
   185  0010  3465               	retlw	101	;'e'
   186  0011  346E               	retlw	110	;'n'
   187  0012  3465               	retlw	101	;'e'
   188  0013  346D               	retlw	109	;'m'
   189  0014  3465               	retlw	101	;'e'
   190  0015  3400               	retlw	0
   191  0016                     __end_of__stringdata:	
   192                           
   193                           ; #config settings
   194  0000                     
   195                           	psect	cinit
   196  07EF                     start_initialization:	
   197  07EF                     __initialization:	
   198                           
   199                           ; Clear objects allocated to COMMON
   200  07EF  01FD               	clrf	__pbssCOMMON& (0+127)
   201                           
   202                           ; Initialize objects allocated to BANK0
   203  07F0  1383               	bcf	3,7	;select IRP bank0
   204  07F1  3028               	movlw	low (__pdataBANK0+8)
   205  07F2  00FD               	movwf	btemp+-1
   206  07F3  3006               	movlw	high __pidataBANK0
   207  07F4  00FE               	movwf	btemp
   208  07F5  30B6               	movlw	low __pidataBANK0
   209  07F6  00FF               	movwf	btemp+1
   210  07F7  3020               	movlw	low __pdataBANK0
   211  07F8  0084               	movwf	4
   212  07F9  120A  118A  26C2   	fcall	init_ram0
   213  07FC                     end_of_initialization:	
   214                           ;End of C runtime variable initialization code
   215                           
   216  07FC                     __end_of__initialization:	
   217  07FC  0183               	clrf	3
   218  07FD  120A  118A  2ECF   	ljmp	_main	;jump to C main() function
   219                           
   220                           	psect	bssCOMMON
   221  007D                     __pbssCOMMON:	
   222  007D                     _display_kursor_blink:	
   223  007D                     	ds	1
   224                           
   225                           	psect	dataBANK0
   226  0020                     __pdataBANK0:	
   227  0020                     _kalp:	
   228  0020                     	ds	8
   229                           
   230                           	psect	inittext
   231  06BE                     init_fetch0:	
   232                           ;	Called with low address in FSR and high address in W
   233                           
   234  06BE  087E               	movf	126,w
   235  06BF  008A               	movwf	10
   236  06C0  087F               	movf	127,w
   237  06C1  0082               	movwf	2
   238  06C2                     init_ram0:	
   239                           ;Called with:
   240                           ;	high address of idata address in btemp 
   241                           ;	low address of idata address in btemp+1 
   242                           ;	low address of data in FSR
   243                           ;	high address + 1 of data in btemp-1
   244                           
   245  06C2  26BE  120A  118A   	fcall	init_fetch0
   246  06C5  0080               	movwf	0
   247  06C6  0A84               	incf	4,f
   248  06C7  0804               	movf	4,w
   249  06C8  067D               	xorwf	125,w
   250  06C9  1903               	btfsc	3,2
   251  06CA  3400               	retlw	0
   252  06CB  0AFF               	incf	127,f
   253  06CC  1903               	btfsc	3,2
   254  06CD  0AFE               	incf	126,f
   255  06CE  2EC2               	goto	init_ram0
   256                           
   257                           	psect	cstackCOMMON
   258  0070                     __pcstackCOMMON:	
   259  0070                     ?_lcd_baslat:	
   260  0070                     ?_lcd_sil:	
   261                           ; 0 bytes @ 0x0
   262                           
   263  0070                     ?_lcd_komut:	
   264                           ; 0 bytes @ 0x0
   265                           
   266  0070                     ?_lcd_harfyaz:	
   267                           ; 0 bytes @ 0x0
   268                           
   269  0070                     ?_lcd_mesgulmu:	
   270                           ; 0 bytes @ 0x0
   271                           
   272  0070                     ??_lcd_mesgulmu:	
   273                           ; 0 bytes @ 0x0
   274                           
   275                           
   276                           ; 0 bytes @ 0x0
   277  0070                     	ds	1
   278  0071                     ??_lcd_komut:	
   279  0071                     ??_lcd_harfyaz:	
   280                           ; 0 bytes @ 0x1
   281                           
   282                           
   283                           ; 0 bytes @ 0x1
   284  0071                     	ds	1
   285  0072                     lcd_harfyaz@harf:	
   286                           
   287                           ; 1 bytes @ 0x2
   288  0072                     	ds	1
   289  0073                     lcd_komut@komut:	
   290                           
   291                           ; 1 bytes @ 0x3
   292  0073                     	ds	1
   293  0074                     ??_lcd_baslat:	
   294  0074                     ??_lcd_sil:	
   295                           ; 0 bytes @ 0x4
   296                           
   297  0074                     ?_lcd_git:	
   298                           ; 0 bytes @ 0x4
   299                           
   300  0074                     lcd_git@sutun:	
   301                           ; 0 bytes @ 0x4
   302                           
   303                           
   304                           ; 1 bytes @ 0x4
   305  0074                     	ds	1
   306  0075                     ??_lcd_git:	
   307                           
   308                           ; 0 bytes @ 0x5
   309  0075                     	ds	1
   310  0076                     lcd_git@satir:	
   311                           
   312                           ; 1 bytes @ 0x6
   313  0076                     	ds	1
   314  0077                     lcd_git@temp:	
   315                           
   316                           ; 1 bytes @ 0x7
   317  0077                     	ds	1
   318  0078                     ?_lcd_mesajyaz:	
   319  0078                     lcd_mesajyaz@sutun:	
   320                           ; 0 bytes @ 0x8
   321                           
   322                           
   323                           ; 1 bytes @ 0x8
   324  0078                     	ds	1
   325  0079                     lcd_mesajyaz@mesaj:	
   326                           
   327                           ; 1 bytes @ 0x9
   328  0079                     	ds	1
   329  007A                     ??_lcd_mesajyaz:	
   330                           
   331                           ; 0 bytes @ 0xA
   332  007A                     	ds	1
   333  007B                     lcd_mesajyaz@satir:	
   334                           
   335                           ; 1 bytes @ 0xB
   336  007B                     	ds	1
   337  007C                     ??_main:	
   338                           
   339                           ; 0 bytes @ 0xC
   340  007C                     	ds	1
   341                           
   342                           	psect	cstackBANK0
   343  0028                     __pcstackBANK0:	
   344  0028                     ?_main:	
   345  0028                     main@argc:	
   346                           ; 0 bytes @ 0x0
   347                           
   348                           
   349                           ; 2 bytes @ 0x0
   350  0028                     	ds	2
   351  002A                     main@argv:	
   352                           
   353                           ; 2 bytes @ 0x2
   354  002A                     	ds	2
   355                           
   356                           	psect	maintext
   357  06CF                     __pmaintext:	
   358 ;;
   359 ;;Main: autosize = 0, tempsize = 1, incstack = 0, save=0
   360 ;;
   361 ;; *************** function _main *****************
   362 ;; Defined at:
   363 ;;		line 39 in file "main.c"
   364 ;; Parameters:    Size  Location     Type
   365 ;;  argc            2    0[BANK0 ] int 
   366 ;;  argv            2    2[BANK0 ] PTR PTR unsigned char 
   367 ;; Auto vars:     Size  Location     Type
   368 ;;  i               2    0        int 
   369 ;; Return value:  Size  Location     Type
   370 ;;		None               void
   371 ;; Registers used:
   372 ;;		wreg, fsr0l, fsr0h, status,2, status,0, pclath, cstack
   373 ;; Tracked objects:
   374 ;;		On entry : 17F/0
   375 ;;		On exit  : 0/0
   376 ;;		Unchanged: 0/0
   377 ;; Data sizes:     COMMON   BANK0   BANK1   BANK3   BANK2
   378 ;;      Params:         0       4       0       0       0
   379 ;;      Locals:         0       0       0       0       0
   380 ;;      Temps:          1       0       0       0       0
   381 ;;      Totals:         1       4       0       0       0
   382 ;;Total ram usage:        5 bytes
   383 ;; Hardware stack levels required when called:    4
   384 ;; This function calls:
   385 ;;		_lcd_baslat
   386 ;;		_lcd_mesajyaz
   387 ;;		_lcd_sil
   388 ;; This function is called by:
   389 ;;		Startup code after reset
   390 ;; This function uses a non-reentrant model
   391 ;;
   392                           
   393                           
   394                           ;psect for function _main
   395  06CF                     _main:	
   396                           
   397                           ;main.c: 41: int i;
   398                           ;main.c: 43: ADCON1=0x07;
   399                           
   400                           ;incstack = 0
   401                           ; Regs used in _main: [wreg-fsr0h+status,2+status,0+pclath+cstack]
   402  06CF  3007               	movlw	7
   403  06D0  1683               	bsf	3,5	;RP0=1, select bank1
   404  06D1  1303               	bcf	3,6	;RP1=0, select bank1
   405  06D2  009F               	movwf	31	;volatile
   406                           
   407                           ;main.c: 47: lcd_baslat();
   408  06D3  120A  118A  27A6   	fcall	_lcd_baslat
      +       120A  118A         
   409                           
   410                           ;main.c: 48: lcd_sil();
   411  06D8  120A  118A  26B1   	fcall	_lcd_sil
      +       120A  118A         
   412                           
   413                           ;main.c: 71: lcd_mesajyaz(1,1,"Selam Deneme");
   414  06DD  01F8               	clrf	lcd_mesajyaz@sutun
   415  06DE  0AF8               	incf	lcd_mesajyaz@sutun,f
   416  06DF  3001               	movlw	(STR_1-__stringbase)& (0+255)
   417  06E0  00FC               	movwf	??_main
   418  06E1  087C               	movf	??_main,w
   419  06E2  00F9               	movwf	lcd_mesajyaz@mesaj
   420  06E3  3001               	movlw	1
   421  06E4  120A  118A  26EA   	fcall	_lcd_mesajyaz
      +       120A  118A         
   422  06E9                     l13:	
   423                           ;main.c: 85: while(1);
   424                           
   425  06E9  2EE9               	goto	l13
   426  06EA                     __end_of_main:	
   427                           
   428                           	psect	text1
   429  06B1                     __ptext1:	
   430 ;; *************** function _lcd_sil *****************
   431 ;; Defined at:
   432 ;;		line 413 in file "xsLCD.c"
   433 ;; Parameters:    Size  Location     Type
   434 ;;		None
   435 ;; Auto vars:     Size  Location     Type
   436 ;;		None
   437 ;; Return value:  Size  Location     Type
   438 ;;		None               void
   439 ;; Registers used:
   440 ;;		wreg, status,2, status,0, pclath, cstack
   441 ;; Tracked objects:
   442 ;;		On entry : 0/0
   443 ;;		On exit  : 0/0
   444 ;;		Unchanged: 0/0
   445 ;; Data sizes:     COMMON   BANK0   BANK1   BANK3   BANK2
   446 ;;      Params:         0       0       0       0       0
   447 ;;      Locals:         0       0       0       0       0
   448 ;;      Temps:          0       0       0       0       0
   449 ;;      Totals:         0       0       0       0       0
   450 ;;Total ram usage:        0 bytes
   451 ;; Hardware stack levels used:    1
   452 ;; Hardware stack levels required when called:    2
   453 ;; This function calls:
   454 ;;		_lcd_komut
   455 ;; This function is called by:
   456 ;;		_main
   457 ;; This function uses a non-reentrant model
   458 ;;
   459                           
   460                           
   461                           ;psect for function _lcd_sil
   462  06B1                     _lcd_sil:	
   463                           
   464                           ;xsLCD.c: 415: lcd_komut(0x01);
   465                           
   466                           ;incstack = 0
   467                           ; Regs used in _lcd_sil: [wreg+status,2+status,0+pclath+cstack]
   468  06B1  3001               	movlw	1
   469  06B2  120A  118A  276D   	fcall	_lcd_komut
   470  06B5  0008               	return
   471  06B6                     __end_of_lcd_sil:	
   472                           
   473                           	psect	text2
   474  06EA                     __ptext2:	
   475 ;; *************** function _lcd_mesajyaz *****************
   476 ;; Defined at:
   477 ;;		line 124 in file "xsLCD.c"
   478 ;; Parameters:    Size  Location     Type
   479 ;;  satir           1    wreg     unsigned char 
   480 ;;  sutun           1    8[COMMON] unsigned char 
   481 ;;  mesaj           1    9[COMMON] PTR const unsigned char 
   482 ;;		 -> STR_1(13), 
   483 ;; Auto vars:     Size  Location     Type
   484 ;;  satir           1   11[COMMON] unsigned char 
   485 ;; Return value:  Size  Location     Type
   486 ;;		None               void
   487 ;; Registers used:
   488 ;;		wreg, fsr0l, fsr0h, status,2, status,0, pclath, cstack
   489 ;; Tracked objects:
   490 ;;		On entry : 0/0
   491 ;;		On exit  : 0/0
   492 ;;		Unchanged: 0/0
   493 ;; Data sizes:     COMMON   BANK0   BANK1   BANK3   BANK2
   494 ;;      Params:         2       0       0       0       0
   495 ;;      Locals:         1       0       0       0       0
   496 ;;      Temps:          1       0       0       0       0
   497 ;;      Totals:         4       0       0       0       0
   498 ;;Total ram usage:        4 bytes
   499 ;; Hardware stack levels used:    1
   500 ;; Hardware stack levels required when called:    3
   501 ;; This function calls:
   502 ;;		_lcd_git
   503 ;;		_lcd_harfyaz
   504 ;; This function is called by:
   505 ;;		_main
   506 ;; This function uses a non-reentrant model
   507 ;;
   508                           
   509                           
   510                           ;psect for function _lcd_mesajyaz
   511  06EA                     _lcd_mesajyaz:	
   512                           
   513                           ;incstack = 0
   514                           ; Regs used in _lcd_mesajyaz: [wreg-fsr0h+status,2+status,0+pclath+cstack]
   515                           ;lcd_mesajyaz@satir stored from wreg
   516  06EA  00FB               	movwf	lcd_mesajyaz@satir
   517                           
   518                           ;xsLCD.c: 126: lcd_git(satir,sutun);
   519  06EB  0878               	movf	lcd_mesajyaz@sutun,w
   520  06EC  00FA               	movwf	??_lcd_mesajyaz
   521  06ED  087A               	movf	??_lcd_mesajyaz,w
   522  06EE  00F4               	movwf	lcd_git@sutun
   523  06EF  087B               	movf	lcd_mesajyaz@satir,w
   524  06F0  120A  118A  2710   	fcall	_lcd_git
      +       120A  118A         
   525  06F5                     l49:	
   526                           ;xsLCD.c: 127: do
   527                           
   528                           
   529                           ;xsLCD.c: 128: {
   530                           ;xsLCD.c: 129: lcd_harfyaz(*mesaj++);
   531  06F5  0879               	movf	lcd_mesajyaz@mesaj,w
   532  06F6  0084               	movwf	4
   533  06F7  120A  118A  2003   	fcall	stringdir
      +       120A  118A         
   534  06FC  120A  118A  273A   	fcall	_lcd_harfyaz
      +       120A  118A         
   535  0701  3001               	movlw	1
   536  0702  00FA               	movwf	??_lcd_mesajyaz
   537  0703  087A               	movf	??_lcd_mesajyaz,w
   538  0704  07F9               	addwf	lcd_mesajyaz@mesaj,f
   539                           
   540                           ;xsLCD.c: 130: }while(*mesaj);
   541  0705  0879               	movf	lcd_mesajyaz@mesaj,w
   542  0706  0084               	movwf	4
   543  0707  120A  118A  2003   	fcall	stringdir
      +       120A  118A         
   544  070C  3800               	iorlw	0
   545  070D  1903               	btfsc	3,2
   546  070E  0008               	return
   547  070F  2EF5               	goto	l49
   548  0710                     __end_of_lcd_mesajyaz:	
   549                           
   550                           	psect	text3
   551  073A                     __ptext3:	
   552 ;; *************** function _lcd_harfyaz *****************
   553 ;; Defined at:
   554 ;;		line 236 in file "xsLCD.c"
   555 ;; Parameters:    Size  Location     Type
   556 ;;  harf            1    wreg     unsigned char 
   557 ;; Auto vars:     Size  Location     Type
   558 ;;  harf            1    2[COMMON] unsigned char 
   559 ;; Return value:  Size  Location     Type
   560 ;;		None               void
   561 ;; Registers used:
   562 ;;		wreg, status,2, status,0, pclath, cstack
   563 ;; Tracked objects:
   564 ;;		On entry : 0/0
   565 ;;		On exit  : 0/0
   566 ;;		Unchanged: 0/0
   567 ;; Data sizes:     COMMON   BANK0   BANK1   BANK3   BANK2
   568 ;;      Params:         0       0       0       0       0
   569 ;;      Locals:         1       0       0       0       0
   570 ;;      Temps:          1       0       0       0       0
   571 ;;      Totals:         2       0       0       0       0
   572 ;;Total ram usage:        2 bytes
   573 ;; Hardware stack levels used:    1
   574 ;; Hardware stack levels required when called:    1
   575 ;; This function calls:
   576 ;;		_lcd_mesgulmu
   577 ;; This function is called by:
   578 ;;		_lcd_mesajyaz
   579 ;;		_lcd_mesajyaz_cp
   580 ;;		_lcd_ozelkarakter
   581 ;; This function uses a non-reentrant model
   582 ;;
   583                           
   584                           
   585                           ;psect for function _lcd_harfyaz
   586  073A                     _lcd_harfyaz:	
   587                           
   588                           ;incstack = 0
   589                           ; Regs used in _lcd_harfyaz: [wreg+status,2+status,0+pclath+cstack]
   590                           ;lcd_harfyaz@harf stored from wreg
   591  073A  00F2               	movwf	lcd_harfyaz@harf
   592                           
   593                           ;xsLCD.c: 238: lcd_mesgulmu();
   594  073B  120A  118A  26AC   	fcall	_lcd_mesgulmu
      +       120A  118A         
   595                           
   596                           ;xsLCD.c: 239: PORTAbits.RA0=1;
   597  0740  1283               	bcf	3,5	;RP0=0, select bank0
   598  0741  1303               	bcf	3,6	;RP1=0, select bank0
   599  0742  1405               	bsf	5,0	;volatile
   600                           
   601                           ;xsLCD.c: 247: PORTD = (PORTD & 0xf0) | (harf >>4);
   602  0743  0872               	movf	lcd_harfyaz@harf,w
   603  0744  00F1               	movwf	??_lcd_harfyaz
   604  0745  3004               	movlw	4
   605  0746                     u25:	
   606  0746  1003               	clrc
   607  0747  0CF1               	rrf	??_lcd_harfyaz,f
   608  0748  3EFF               	addlw	-1
   609  0749  1D03               	skipz
   610  074A  2F46               	goto	u25
   611  074B  0808               	movf	8,w	;volatile
   612  074C  39F0               	andlw	240
   613  074D  0471               	iorwf	??_lcd_harfyaz,w
   614  074E  0088               	movwf	8	;volatile
   615                           
   616                           ;xsLCD.c: 249: PORTAbits.RA2=1;
   617  074F  1505               	bsf	5,2	;volatile
   618                           
   619                           ;xsLCD.c: 250: _delay((unsigned long)((1)*(4000000/4000000.0)));
   620  0750  0000               	nop
   621                           
   622                           ;xsLCD.c: 251: PORTAbits.RA2=0;
   623  0751  1283               	bcf	3,5	;RP0=0, select bank0
   624  0752  1303               	bcf	3,6	;RP1=0, select bank0
   625  0753  1105               	bcf	5,2	;volatile
   626                           
   627                           ;xsLCD.c: 252: _delay((unsigned long)((200)*(4000000/4000000.0)));
   628  0754  3042               	movlw	66
   629  0755  00F1               	movwf	??_lcd_harfyaz
   630  0756                     u87:	
   631  0756  0BF1               	decfsz	??_lcd_harfyaz,f
   632  0757  2F56               	goto	u87
   633  0758  0000               	nop
   634                           
   635                           ;xsLCD.c: 257: PORTD = (PORTD & 0xf0) | (harf & 0x0f);
   636  0759  300F               	movlw	15
   637  075A  0572               	andwf	lcd_harfyaz@harf,w
   638  075B  00F1               	movwf	??_lcd_harfyaz
   639  075C  1283               	bcf	3,5	;RP0=0, select bank0
   640  075D  1303               	bcf	3,6	;RP1=0, select bank0
   641  075E  0808               	movf	8,w	;volatile
   642  075F  39F0               	andlw	240
   643  0760  0471               	iorwf	??_lcd_harfyaz,w
   644  0761  0088               	movwf	8	;volatile
   645                           
   646                           ;xsLCD.c: 259: PORTAbits.RA2=1;
   647  0762  1505               	bsf	5,2	;volatile
   648                           
   649                           ;xsLCD.c: 260: _delay((unsigned long)((1)*(4000000/4000000.0)));
   650  0763  0000               	nop
   651                           
   652                           ;xsLCD.c: 261: PORTAbits.RA2=0;
   653  0764  1283               	bcf	3,5	;RP0=0, select bank0
   654  0765  1303               	bcf	3,6	;RP1=0, select bank0
   655  0766  1105               	bcf	5,2	;volatile
   656                           
   657                           ;xsLCD.c: 262: _delay((unsigned long)((200)*(4000000/4000000.0)));
   658  0767  3042               	movlw	66
   659  0768  00F1               	movwf	??_lcd_harfyaz
   660  0769                     u97:	
   661  0769  0BF1               	decfsz	??_lcd_harfyaz,f
   662  076A  2F69               	goto	u97
   663  076B  0000               	nop
   664  076C  0008               	return
   665  076D                     __end_of_lcd_harfyaz:	
   666                           
   667                           	psect	text4
   668  0710                     __ptext4:	
   669 ;; *************** function _lcd_git *****************
   670 ;; Defined at:
   671 ;;		line 98 in file "xsLCD.c"
   672 ;; Parameters:    Size  Location     Type
   673 ;;  satir           1    wreg     unsigned char 
   674 ;;  sutun           1    4[COMMON] unsigned char 
   675 ;; Auto vars:     Size  Location     Type
   676 ;;  satir           1    6[COMMON] unsigned char 
   677 ;;  temp            1    7[COMMON] unsigned char 
   678 ;; Return value:  Size  Location     Type
   679 ;;		None               void
   680 ;; Registers used:
   681 ;;		wreg, fsr0l, fsr0h, status,2, status,0, pclath, cstack
   682 ;; Tracked objects:
   683 ;;		On entry : 0/0
   684 ;;		On exit  : 0/0
   685 ;;		Unchanged: 0/0
   686 ;; Data sizes:     COMMON   BANK0   BANK1   BANK3   BANK2
   687 ;;      Params:         1       0       0       0       0
   688 ;;      Locals:         2       0       0       0       0
   689 ;;      Temps:          1       0       0       0       0
   690 ;;      Totals:         4       0       0       0       0
   691 ;;Total ram usage:        4 bytes
   692 ;; Hardware stack levels used:    1
   693 ;; Hardware stack levels required when called:    2
   694 ;; This function calls:
   695 ;;		_lcd_komut
   696 ;; This function is called by:
   697 ;;		_lcd_mesajyaz
   698 ;; This function uses a non-reentrant model
   699 ;;
   700                           
   701                           
   702                           ;psect for function _lcd_git
   703  0710                     _lcd_git:	
   704                           
   705                           ;incstack = 0
   706                           ; Regs used in _lcd_git: [wreg-fsr0h+status,2+status,0+pclath+cstack]
   707                           ;lcd_git@satir stored from wreg
   708  0710  00F6               	movwf	lcd_git@satir
   709                           
   710                           ;xsLCD.c: 100: char temp;
   711                           ;xsLCD.c: 101: switch(satir)
   712  0711  2F21               	goto	l607
   713  0712                     l597:	
   714                           ;xsLCD.c: 102: {
   715                           ;xsLCD.c: 103: case 1:
   716                           
   717                           
   718                           ;xsLCD.c: 104: temp=sutun-1+ 0x80;
   719  0712  0874               	movf	lcd_git@sutun,w
   720  0713  3E7F               	addlw	127
   721  0714  2F1D               	goto	L3
   722  0715                     l599:	
   723                           ;xsLCD.c: 106: case 2:
   724                           
   725                           ;xsLCD.c: 105: break;
   726                           
   727                           
   728                           ;xsLCD.c: 107: temp= sutun-1+0xc0;
   729  0715  0874               	movf	lcd_git@sutun,w
   730  0716  3EBF               	addlw	191
   731  0717  2F1D               	goto	L3
   732  0718                     l601:	
   733                           ;xsLCD.c: 109: case 3:
   734                           
   735                           ;xsLCD.c: 108: break;
   736                           
   737                           
   738                           ;xsLCD.c: 110: temp= (sutun-1+0x94);
   739  0718  0874               	movf	lcd_git@sutun,w
   740  0719  3E93               	addlw	147
   741  071A  2F1D               	goto	L3
   742  071B                     l603:	
   743                           ;xsLCD.c: 112: case 4:
   744                           
   745                           ;xsLCD.c: 111: break;
   746                           
   747                           
   748                           ;xsLCD.c: 113: temp= (sutun-1+0xd4);
   749  071B  0874               	movf	lcd_git@sutun,w
   750  071C  3ED3               	addlw	211
   751  071D                     L3:	
   752  071D  00F5               	movwf	??_lcd_git
   753  071E  0875               	movf	??_lcd_git,w
   754  071F  00F7               	movwf	lcd_git@temp
   755                           
   756                           ;xsLCD.c: 115: }
   757                           
   758                           ;xsLCD.c: 114: break;
   759  0720  2F2F               	goto	l609
   760  0721                     l607:	
   761  0721  0876               	movf	lcd_git@satir,w
   762                           
   763                           ; Switch size 1, requested type "space"
   764                           ; Number of cases is 4, Range of values is 1 to 4
   765                           ; switch strategies available:
   766                           ; Name         Instructions Cycles
   767                           ; simple_byte           13     7 (average)
   768                           ; direct_byte           23    11 (fixed)
   769                           ; jumptable            263     9 (fixed)
   770                           ;	Chosen strategy is simple_byte
   771  0722  3A01               	xorlw	1	; case 1
   772  0723  1903               	skipnz
   773  0724  2F12               	goto	l597
   774  0725  3A03               	xorlw	3	; case 2
   775  0726  1903               	skipnz
   776  0727  2F15               	goto	l599
   777  0728  3A01               	xorlw	1	; case 3
   778  0729  1903               	skipnz
   779  072A  2F18               	goto	l601
   780  072B  3A07               	xorlw	7	; case 4
   781  072C  1903               	skipnz
   782  072D  2F1B               	goto	l603
   783  072E  2F2F               	goto	l609
   784  072F                     l609:	
   785                           
   786                           ;xsLCD.c: 116: lcd_komut(temp);
   787  072F  0877               	movf	lcd_git@temp,w
   788  0730  120A  118A  276D   	fcall	_lcd_komut
      +       120A  118A         
   789                           
   790                           ;xsLCD.c: 117: _delay((unsigned long)((100)*(4000000/4000000.0)));
   791  0735  3021               	movlw	33
   792  0736  00F5               	movwf	??_lcd_git
   793  0737                     u107:	
   794  0737  0BF5               	decfsz	??_lcd_git,f
   795  0738  2F37               	goto	u107
   796  0739  0008               	return
   797  073A                     __end_of_lcd_git:	
   798                           
   799                           	psect	text5
   800  07A6                     __ptext5:	
   801 ;; *************** function _lcd_baslat *****************
   802 ;; Defined at:
   803 ;;		line 56 in file "xsLCD.c"
   804 ;; Parameters:    Size  Location     Type
   805 ;;		None
   806 ;; Auto vars:     Size  Location     Type
   807 ;;		None
   808 ;; Return value:  Size  Location     Type
   809 ;;		None               void
   810 ;; Registers used:
   811 ;;		wreg, status,2, status,0, pclath, cstack
   812 ;; Tracked objects:
   813 ;;		On entry : 0/0
   814 ;;		On exit  : 0/0
   815 ;;		Unchanged: 0/0
   816 ;; Data sizes:     COMMON   BANK0   BANK1   BANK3   BANK2
   817 ;;      Params:         0       0       0       0       0
   818 ;;      Locals:         0       0       0       0       0
   819 ;;      Temps:          2       0       0       0       0
   820 ;;      Totals:         2       0       0       0       0
   821 ;;Total ram usage:        2 bytes
   822 ;; Hardware stack levels used:    1
   823 ;; Hardware stack levels required when called:    2
   824 ;; This function calls:
   825 ;;		_lcd_komut
   826 ;; This function is called by:
   827 ;;		_main
   828 ;; This function uses a non-reentrant model
   829 ;;
   830                           
   831                           
   832                           ;psect for function _lcd_baslat
   833  07A6                     _lcd_baslat:	
   834                           
   835                           ;xsLCD.c: 62: TRISD=TRISD & 0xf0;
   836                           
   837                           ;incstack = 0
   838                           ; Regs used in _lcd_baslat: [wreg+status,2+status,0+pclath+cstack]
   839  07A6  1683               	bsf	3,5	;RP0=1, select bank1
   840  07A7  1303               	bcf	3,6	;RP1=0, select bank1
   841  07A8  0808               	movf	8,w	;volatile
   842  07A9  39F0               	andlw	240
   843  07AA  0088               	movwf	8	;volatile
   844                           
   845                           ;xsLCD.c: 65: TRISAbits.TRISA2=0;
   846  07AB  1105               	bcf	5,2	;volatile
   847                           
   848                           ;xsLCD.c: 66: TRISAbits.TRISA0=0;
   849  07AC  1005               	bcf	5,0	;volatile
   850                           
   851                           ;xsLCD.c: 72: _delay((unsigned long)((20)*(4000000/4000.0)));
   852  07AD  301A               	movlw	26
   853  07AE  00F5               	movwf	??_lcd_baslat+1
   854  07AF  30F8               	movlw	248
   855  07B0  00F4               	movwf	??_lcd_baslat
   856  07B1                     u117:	
   857  07B1  0BF4               	decfsz	??_lcd_baslat,f
   858  07B2  2FB1               	goto	u117
   859  07B3  0BF5               	decfsz	??_lcd_baslat+1,f
   860  07B4  2FB1               	goto	u117
   861  07B5  0000               	nop
   862                           
   863                           ;xsLCD.c: 73: PORTAbits.RA0=0;
   864  07B6  1283               	bcf	3,5	;RP0=0, select bank0
   865  07B7  1303               	bcf	3,6	;RP1=0, select bank0
   866  07B8  1005               	bcf	5,0	;volatile
   867                           
   868                           ;xsLCD.c: 74: PORTAbits.RA2=0;
   869  07B9  1105               	bcf	5,2	;volatile
   870                           
   871                           ;xsLCD.c: 79: PORTD=0x02 | (PORTD &0xf0);
   872  07BA  0808               	movf	8,w	;volatile
   873  07BB  39F0               	andlw	240
   874  07BC  3802               	iorlw	2
   875  07BD  0088               	movwf	8	;volatile
   876                           
   877                           ;xsLCD.c: 81: PORTAbits.RA2=1;
   878  07BE  1505               	bsf	5,2	;volatile
   879                           
   880                           ;xsLCD.c: 82: _delay((unsigned long)((1)*(4000000/4000000.0)));
   881  07BF  0000               	nop
   882                           
   883                           ;xsLCD.c: 83: PORTAbits.RA2=0;
   884  07C0  1283               	bcf	3,5	;RP0=0, select bank0
   885  07C1  1303               	bcf	3,6	;RP1=0, select bank0
   886  07C2  1105               	bcf	5,2	;volatile
   887                           
   888                           ;xsLCD.c: 84: _delay((unsigned long)((5)*(4000000/4000.0)));
   889  07C3  3007               	movlw	7
   890  07C4  00F5               	movwf	??_lcd_baslat+1
   891  07C5  307D               	movlw	125
   892  07C6  00F4               	movwf	??_lcd_baslat
   893  07C7                     u127:	
   894  07C7  0BF4               	decfsz	??_lcd_baslat,f
   895  07C8  2FC7               	goto	u127
   896  07C9  0BF5               	decfsz	??_lcd_baslat+1,f
   897  07CA  2FC7               	goto	u127
   898                           
   899                           ;xsLCD.c: 85: lcd_komut(0x28);
   900  07CB  3028               	movlw	40
   901  07CC  120A  118A  276D   	fcall	_lcd_komut
      +       120A  118A         
   902                           
   903                           ;xsLCD.c: 86: _delay((unsigned long)((40)*(4000000/4000000.0)));
   904  07D1  300D               	movlw	13
   905  07D2  00F4               	movwf	??_lcd_baslat
   906  07D3                     u137:	
   907  07D3  0BF4               	decfsz	??_lcd_baslat,f
   908  07D4  2FD3               	goto	u137
   909                           
   910                           ;xsLCD.c: 87: lcd_komut(0x0C);
   911  07D5  300C               	movlw	12
   912  07D6  120A  118A  276D   	fcall	_lcd_komut
      +       120A  118A         
   913                           
   914                           ;xsLCD.c: 88: _delay((unsigned long)((40)*(4000000/4000000.0)));
   915  07DB  300D               	movlw	13
   916  07DC  00F4               	movwf	??_lcd_baslat
   917  07DD                     u147:	
   918  07DD  0BF4               	decfsz	??_lcd_baslat,f
   919  07DE  2FDD               	goto	u147
   920                           
   921                           ;xsLCD.c: 89: lcd_komut(0x06);
   922  07DF  3006               	movlw	6
   923  07E0  120A  118A  276D   	fcall	_lcd_komut
      +       120A  118A         
   924                           
   925                           ;xsLCD.c: 90: _delay((unsigned long)((2)*(4000000/4000.0)));
   926  07E5  3003               	movlw	3
   927  07E6  00F5               	movwf	??_lcd_baslat+1
   928  07E7  3097               	movlw	151
   929  07E8  00F4               	movwf	??_lcd_baslat
   930  07E9                     u157:	
   931  07E9  0BF4               	decfsz	??_lcd_baslat,f
   932  07EA  2FE9               	goto	u157
   933  07EB  0BF5               	decfsz	??_lcd_baslat+1,f
   934  07EC  2FE9               	goto	u157
   935  07ED  2FEE               	nop2
   936  07EE  0008               	return
   937  07EF                     __end_of_lcd_baslat:	
   938                           
   939                           	psect	text6
   940  076D                     __ptext6:	
   941 ;; *************** function _lcd_komut *****************
   942 ;; Defined at:
   943 ;;		line 364 in file "xsLCD.c"
   944 ;; Parameters:    Size  Location     Type
   945 ;;  komut           1    wreg     unsigned char 
   946 ;; Auto vars:     Size  Location     Type
   947 ;;  komut           1    3[COMMON] unsigned char 
   948 ;; Return value:  Size  Location     Type
   949 ;;		None               void
   950 ;; Registers used:
   951 ;;		wreg, status,2, status,0, pclath, cstack
   952 ;; Tracked objects:
   953 ;;		On entry : 0/0
   954 ;;		On exit  : 0/0
   955 ;;		Unchanged: 0/0
   956 ;; Data sizes:     COMMON   BANK0   BANK1   BANK3   BANK2
   957 ;;      Params:         0       0       0       0       0
   958 ;;      Locals:         1       0       0       0       0
   959 ;;      Temps:          2       0       0       0       0
   960 ;;      Totals:         3       0       0       0       0
   961 ;;Total ram usage:        3 bytes
   962 ;; Hardware stack levels used:    1
   963 ;; Hardware stack levels required when called:    1
   964 ;; This function calls:
   965 ;;		_lcd_mesgulmu
   966 ;; This function is called by:
   967 ;;		_lcd_baslat
   968 ;;		_lcd_git
   969 ;;		_lcd_sil
   970 ;;		_lcd_ozelkarakter
   971 ;;		_lcd_satirbasi
   972 ;;		_lcd_kursor_ac
   973 ;;		_lcd_kursor_kapat
   974 ;;		_lcd_display_ac
   975 ;;		_lcd_display_kapat
   976 ;;		_lcd_blink_ac
   977 ;;		_lcd_blink_kapat
   978 ;;		_lcd_sola_kaydir
   979 ;;		_lcd_saga_kaydir
   980 ;;		_lcd_satir1
   981 ;;		_lcd_satir2
   982 ;;		_lcd_satir3
   983 ;;		_lcd_satir4
   984 ;; This function uses a non-reentrant model
   985 ;;
   986                           
   987                           
   988                           ;psect for function _lcd_komut
   989  076D                     _lcd_komut:	
   990                           
   991                           ;incstack = 0
   992                           ; Regs used in _lcd_komut: [wreg+status,2+status,0+pclath+cstack]
   993                           ;lcd_komut@komut stored from wreg
   994  076D  00F3               	movwf	lcd_komut@komut
   995                           
   996                           ;xsLCD.c: 366: lcd_mesgulmu();
   997  076E  120A  118A  26AC   	fcall	_lcd_mesgulmu
      +       120A  118A         
   998                           
   999                           ;xsLCD.c: 367: PORTAbits.RA0=0;
  1000  0773  1283               	bcf	3,5	;RP0=0, select bank0
  1001  0774  1303               	bcf	3,6	;RP1=0, select bank0
  1002  0775  1005               	bcf	5,0	;volatile
  1003                           
  1004                           ;xsLCD.c: 375: PORTD = (PORTD & 0xf0) | (komut >>4);
  1005  0776  0873               	movf	lcd_komut@komut,w
  1006  0777  00F1               	movwf	??_lcd_komut
  1007  0778  3004               	movlw	4
  1008  0779                     u15:	
  1009  0779  1003               	clrc
  1010  077A  0CF1               	rrf	??_lcd_komut,f
  1011  077B  3EFF               	addlw	-1
  1012  077C  1D03               	skipz
  1013  077D  2F79               	goto	u15
  1014  077E  0808               	movf	8,w	;volatile
  1015  077F  39F0               	andlw	240
  1016  0780  0471               	iorwf	??_lcd_komut,w
  1017  0781  0088               	movwf	8	;volatile
  1018                           
  1019                           ;xsLCD.c: 377: PORTAbits.RA2=1;
  1020  0782  1505               	bsf	5,2	;volatile
  1021                           
  1022                           ;xsLCD.c: 378: _delay((unsigned long)((1)*(4000000/4000000.0)));
  1023  0783  0000               	nop
  1024                           
  1025                           ;xsLCD.c: 379: PORTAbits.RA2=0;
  1026  0784  1283               	bcf	3,5	;RP0=0, select bank0
  1027  0785  1303               	bcf	3,6	;RP1=0, select bank0
  1028  0786  1105               	bcf	5,2	;volatile
  1029                           
  1030                           ;xsLCD.c: 380: _delay((unsigned long)((5)*(4000000/4000.0)));
  1031  0787  3007               	movlw	7
  1032  0788  00F2               	movwf	??_lcd_komut+1
  1033  0789  307D               	movlw	125
  1034  078A  00F1               	movwf	??_lcd_komut
  1035  078B                     u167:	
  1036  078B  0BF1               	decfsz	??_lcd_komut,f
  1037  078C  2F8B               	goto	u167
  1038  078D  0BF2               	decfsz	??_lcd_komut+1,f
  1039  078E  2F8B               	goto	u167
  1040                           
  1041                           ;xsLCD.c: 385: PORTD = (PORTD & 0xf0) | (komut & 0x0f);
  1042  078F  300F               	movlw	15
  1043  0790  0573               	andwf	lcd_komut@komut,w
  1044  0791  00F1               	movwf	??_lcd_komut
  1045  0792  1283               	bcf	3,5	;RP0=0, select bank0
  1046  0793  1303               	bcf	3,6	;RP1=0, select bank0
  1047  0794  0808               	movf	8,w	;volatile
  1048  0795  39F0               	andlw	240
  1049  0796  0471               	iorwf	??_lcd_komut,w
  1050  0797  0088               	movwf	8	;volatile
  1051                           
  1052                           ;xsLCD.c: 387: PORTAbits.RA2=1;
  1053  0798  1505               	bsf	5,2	;volatile
  1054                           
  1055                           ;xsLCD.c: 388: _delay((unsigned long)((1)*(4000000/4000000.0)));
  1056  0799  0000               	nop
  1057                           
  1058                           ;xsLCD.c: 389: PORTAbits.RA2=0;
  1059  079A  1283               	bcf	3,5	;RP0=0, select bank0
  1060  079B  1303               	bcf	3,6	;RP1=0, select bank0
  1061  079C  1105               	bcf	5,2	;volatile
  1062                           
  1063                           ;xsLCD.c: 390: _delay((unsigned long)((5)*(4000000/4000.0)));
  1064  079D  3007               	movlw	7
  1065  079E  00F2               	movwf	??_lcd_komut+1
  1066  079F  307D               	movlw	125
  1067  07A0  00F1               	movwf	??_lcd_komut
  1068  07A1                     u177:	
  1069  07A1  0BF1               	decfsz	??_lcd_komut,f
  1070  07A2  2FA1               	goto	u177
  1071  07A3  0BF2               	decfsz	??_lcd_komut+1,f
  1072  07A4  2FA1               	goto	u177
  1073  07A5  0008               	return
  1074  07A6                     __end_of_lcd_komut:	
  1075                           
  1076                           	psect	text7
  1077  06AC                     __ptext7:	
  1078 ;; *************** function _lcd_mesgulmu *****************
  1079 ;; Defined at:
  1080 ;;		line 209 in file "xsLCD.c"
  1081 ;; Parameters:    Size  Location     Type
  1082 ;;		None
  1083 ;; Auto vars:     Size  Location     Type
  1084 ;;		None
  1085 ;; Return value:  Size  Location     Type
  1086 ;;		None               void
  1087 ;; Registers used:
  1088 ;;		wreg
  1089 ;; Tracked objects:
  1090 ;;		On entry : 0/0
  1091 ;;		On exit  : 0/0
  1092 ;;		Unchanged: 0/0
  1093 ;; Data sizes:     COMMON   BANK0   BANK1   BANK3   BANK2
  1094 ;;      Params:         0       0       0       0       0
  1095 ;;      Locals:         0       0       0       0       0
  1096 ;;      Temps:          1       0       0       0       0
  1097 ;;      Totals:         1       0       0       0       0
  1098 ;;Total ram usage:        1 bytes
  1099 ;; Hardware stack levels used:    1
  1100 ;; This function calls:
  1101 ;;		Nothing
  1102 ;; This function is called by:
  1103 ;;		_lcd_harfyaz
  1104 ;;		_lcd_komut
  1105 ;; This function uses a non-reentrant model
  1106 ;;
  1107                           
  1108                           
  1109                           ;psect for function _lcd_mesgulmu
  1110  06AC                     _lcd_mesgulmu:	
  1111                           
  1112                           ;xsLCD.c: 211: _delay((unsigned long)((100)*(4000000/4000000.0)));
  1113                           
  1114                           ;incstack = 0
  1115                           ; Regs used in _lcd_mesgulmu: [wreg]
  1116  06AC  3021               	movlw	33
  1117  06AD  00F0               	movwf	??_lcd_mesgulmu
  1118  06AE                     u187:	
  1119  06AE  0BF0               	decfsz	??_lcd_mesgulmu,f
  1120  06AF  2EAE               	goto	u187
  1121  06B0  0008               	return
  1122  06B1                     __end_of_lcd_mesgulmu:	
  1123  007E                     btemp	set	126	;btemp
  1124  007E                     wtemp	set	126
  1125  007E                     wtemp0	set	126
  1126  0080                     wtemp1	set	128
  1127  0082                     wtemp2	set	130
  1128  0084                     wtemp3	set	132
  1129  0086                     wtemp4	set	134
  1130  0088                     wtemp5	set	136
  1131  007F                     wtemp6	set	127
  1132  007E                     ttemp	set	126
  1133  007E                     ttemp0	set	126
  1134  0081                     ttemp1	set	129
  1135  0084                     ttemp2	set	132
  1136  0087                     ttemp3	set	135
  1137  007F                     ttemp4	set	127
  1138  007E                     ltemp	set	126
  1139  007E                     ltemp0	set	126
  1140  0082                     ltemp1	set	130
  1141  0086                     ltemp2	set	134
  1142  0080                     ltemp3	set	128


Data Sizes:
    Strings     13
    Constant    0
    Data        8
    BSS         1
    Persistent  0
    Stack       0

Auto Spaces:
    Space          Size  Autos    Used
    COMMON           14     13      14
    BANK0            80      4      12
    BANK1            80      0       0
    BANK3            96      0       0
    BANK2            96      0       0

Pointer List with Targets:

    lcd_mesajyaz@mesaj	PTR const unsigned char  size(1) Largest target is 13
		 -> STR_1(CODE[13]), 


Critical Paths under _main in COMMON

    _main->_lcd_mesajyaz
    _lcd_sil->_lcd_komut
    _lcd_mesajyaz->_lcd_git
    _lcd_harfyaz->_lcd_mesgulmu
    _lcd_git->_lcd_komut
    _lcd_baslat->_lcd_komut
    _lcd_komut->_lcd_mesgulmu

Critical Paths under _main in BANK0

    None.

Critical Paths under _main in BANK1

    None.

Critical Paths under _main in BANK3

    None.

Critical Paths under _main in BANK2

    None.

Call Graph Tables:

 ---------------------------------------------------------------------------------
 (Depth) Function   	        Calls       Base Space   Used Autos Params    Refs
 ---------------------------------------------------------------------------------
 (0) _main                                                 7     3      4     399
                                             12 COMMON     1     1      0
                                              0 BANK0      4     0      4
                         _lcd_baslat
                       _lcd_mesajyaz
                            _lcd_sil
 ---------------------------------------------------------------------------------
 (1) _lcd_sil                                              0     0      0      30
                          _lcd_komut
 ---------------------------------------------------------------------------------
 (1) _lcd_mesajyaz                                         4     2      2     339
                                              8 COMMON     4     2      2
                            _lcd_git
                        _lcd_harfyaz
 ---------------------------------------------------------------------------------
 (2) _lcd_harfyaz                                          2     2      0      30
                                              1 COMMON     2     2      0
                       _lcd_mesgulmu
 ---------------------------------------------------------------------------------
 (2) _lcd_git                                              4     3      1     163
                                              4 COMMON     4     3      1
                          _lcd_komut
 ---------------------------------------------------------------------------------
 (1) _lcd_baslat                                           2     2      0      30
                                              4 COMMON     2     2      0
                          _lcd_komut
 ---------------------------------------------------------------------------------
 (2) _lcd_komut                                            3     3      0      30
                                              1 COMMON     3     3      0
                       _lcd_mesgulmu
 ---------------------------------------------------------------------------------
 (3) _lcd_mesgulmu                                         1     1      0       0
                                              0 COMMON     1     1      0
 ---------------------------------------------------------------------------------
 Estimated maximum stack depth 3
 ---------------------------------------------------------------------------------

 Call Graph Graphs:

 _main (ROOT)
   _lcd_baslat
     _lcd_komut
       _lcd_mesgulmu
   _lcd_mesajyaz
     _lcd_git
       _lcd_komut
         _lcd_mesgulmu
     _lcd_harfyaz
       _lcd_mesgulmu
   _lcd_sil
     _lcd_komut
       _lcd_mesgulmu

 Address spaces:
Name               Size   Autos  Total    Cost      Usage
BANK3               60      0       0       9        0.0%
BITBANK3            60      0       0       8        0.0%
SFR3                 0      0       0       4        0.0%
BITSFR3              0      0       0       4        0.0%
BANK2               60      0       0      11        0.0%
BITBANK2            60      0       0      10        0.0%
SFR2                 0      0       0       5        0.0%
BITSFR2              0      0       0       5        0.0%
BANK1               50      0       0       7        0.0%
BITBANK1            50      0       0       6        0.0%
SFR1                 0      0       0       2        0.0%
BITSFR1              0      0       0       2        0.0%
BANK0               50      4       C       5       15.0%
BITBANK0            50      0       0       4        0.0%
SFR0                 0      0       0       1        0.0%
BITSFR0              0      0       0       1        0.0%
COMMON               E      D       E       1      100.0%
BITCOMMON            E      0       0       0        0.0%
CODE                 0      0       0       0        0.0%
DATA                 0      0      1A      12        0.0%
ABS                  0      0      1A       3        0.0%
NULL                 0      0       0       0        0.0%
STACK                0      0       0       2        0.0%
EEDATA             100      0       0       0        0.0%


Microchip Technology PIC Macro Assembler V1.31 build 56723 
Symbol Table                                                                                   Sun May 04 20:08:22 2014

                      pc 0002              __CFG_CP$OFF 0000                       l13 06E9  
                     l49 06F5                       u15 0779                       u25 0746  
                     u87 0756                       u97 0769                       fsr 0004  
            lcd_git@temp 0077                      l601 0718                      l603 071B  
                    l607 0721                      l609 072F                      l597 0712  
                    l599 0715                      u107 0737                      u117 07B1  
                    u127 07C7                      u137 07D3                      u147 07DD  
                    u157 07E9                      u167 078B                      u177 07A1  
           __CFG_CPD$OFF 0000                      u187 06AE                      fsr0 0004  
                    indf 0000             __CFG_FOSC$XT 0000             lcd_git@satir 0076  
           lcd_git@sutun 0074     _display_kursor_blink 007D             __CFG_LVP$OFF 0000  
                   STR_1 0009             __CFG_WRT$OFF 0000                     _kalp 0020  
                   _main 06CF                     btemp 007E                     ltemp 007E  
                   start 0000                     ttemp 007E           ??_lcd_mesajyaz 007A  
                   wtemp 007E           ??_lcd_mesgulmu 0070                    ?_main 0028  
          __CFG_WDTE$OFF 0000                    _PORTD 0008                    _TRISD 0088  
          __CFG_PWRTE$ON 0000          __end_of_lcd_git 073A          __end_of_lcd_sil 06B6  
         __CFG_BOREN$OFF 0000                    pclath 000A                    ltemp0 007E  
                  ltemp1 0082                    ltemp2 0086                    ltemp3 0080  
                  ttemp0 007E                    ttemp1 0081                    ttemp2 0084  
                  ttemp3 0087                    ttemp4 007F                    status 0003  
                  wtemp0 007E                    wtemp1 0080                    wtemp2 0082  
                  wtemp3 0084                    wtemp4 0086                    wtemp5 0088  
                  wtemp6 007F        lcd_mesajyaz@mesaj 0079        lcd_mesajyaz@satir 007B  
      lcd_mesajyaz@sutun 0078          __initialization 07EF             __end_of_main 06EA  
                 ??_main 007C                   _ADCON1 009F     __size_of_lcd_harfyaz 0033  
              ??_lcd_git 0075                ??_lcd_sil 0074     __end_of_lcd_mesajyaz 0710  
   __end_of_lcd_mesgulmu 06B1  __end_of__initialization 07FC           __pcstackCOMMON 0070  
           __pidataBANK0 06B6       __size_of_lcd_komut 0039          lcd_harfyaz@harf 0072  
         lcd_komut@komut 0073               __pmaintext 06CF               _lcd_baslat 07A6  
             __stringtab 0003        __end_of_lcd_komut 07A6    __size_of_lcd_mesajyaz 0026  
                __ptext1 06B1                  __ptext2 06EA                  __ptext3 073A  
                __ptext4 0710    __size_of_lcd_mesgulmu 0005                  __ptext5 07A6  
                __ptext6 076D                  __ptext7 06AC                  _lcd_git 0710  
                _lcd_sil 06B1     end_of_initialization 07FC             _lcd_mesajyaz 06EA  
           _lcd_mesgulmu 06AC                _PORTAbits 0005              ?_lcd_baslat 0070  
              _TRISAbits 0085            ??_lcd_harfyaz 0071      start_initialization 07EF  
    __size_of_lcd_baslat 0049               init_fetch0 06BE      __end_of_lcd_harfyaz 076D  
            __pdataBANK0 0020              __pbssCOMMON 007D                ___latbits 0002  
          __pcstackBANK0 0028      __end_of__stringdata 0016                _lcd_komut 076D  
              __pstrings 0003                 ?_lcd_git 0074                 ?_lcd_sil 0070  
            _lcd_harfyaz 073A               ?_lcd_komut 0070              __stringbase 0008  
            __stringdata 0009             ??_lcd_baslat 0074       __end_of_lcd_baslat 07EF  
     __end_of__stringtab 0009         __size_of_lcd_git 002A         __size_of_lcd_sil 0005  
          __size_of_main 001B                 main@argc 0028                 main@argv 002A  
            ??_lcd_komut 0071                 init_ram0 06C2                stringcode 0003  
               stringdir 0003                 stringtab 0003             ?_lcd_harfyaz 0070  
          ?_lcd_mesajyaz 0078            ?_lcd_mesgulmu 0070  
